twitter-core/build/intermediates/manifest_merge_blame_file/debug/manifest-merger-blame-debug-report.txt
1<?xml version="1.0" encoding="utf-8"?>
2<!--
3  ~ Copyright (C) 2015 Twitter, Inc.
4  ~
5  ~ Licensed under the Apache License, Version 2.0 (the "License");
6  ~ you may not use this file except in compliance with the License.
7  ~ You may obtain a copy of the License at
8  ~
9  ~      http://www.apache.org/licenses/LICENSE-2.0
10  ~
11  ~ Unless required by applicable law or agreed to in writing, software
12  ~ distributed under the License is distributed on an "AS IS" BASIS,
13  ~ WITHOUT WARRANTIES OR CONDITIONS OF ANY KIND, either express or implied.
14  ~ See the License for the specific language governing permissions and
15  ~ limitations under the License.
16  ~
17-->
18<manifest xmlns:android="http://schemas.android.com/apk/res/android"
19    package="com.twitter.sdk.android.core"
20    android:versionCode="1"
21    android:versionName="3.3.0-SNAPSHOT" >
22
23    <uses-sdk android:minSdkVersion="15" />
23-->src/main/AndroidManifest.xml
24
25    <uses-permission android:name="android.permission.INTERNET" />
25-->src/main/AndroidManifest.xml:21:5-67
25-->src/main/AndroidManifest.xml:21:22-64
26
27    <application>
27-->src/main/AndroidManifest.xml:23:5-31:19
28        <activity
28-->src/main/AndroidManifest.xml:25:9-29:40
29            android:name="com.twitter.sdk.android.core.identity.OAuthActivity"
29-->src/main/AndroidManifest.xml:26:13-51
30            android:configChanges="orientation|screenSize"
30-->src/main/AndroidManifest.xml:27:13-59
31            android:excludeFromRecents="true"
31-->src/main/AndroidManifest.xml:28:13-46
32            android:exported="false" />
32-->src/main/AndroidManifest.xml:29:13-37
33    </application>
34
35</manifest>